Arguments: 
  C:\Program Files\nodejs\node.exe C:\Program Files (x86)\Yarn\bin\yarn.js install

PATH: 
  C:\Users\leandrokk\bin;C:\Users\leandrokk\Downloads\cmder\cmder\bin;C:\Program Files\Git\bin;C:\Users\leandrokk\Downloads\cmder\cmder\vendor\git-for-windows\mingw64\bin;C:\Users\leandrokk\Downloads\cmder\cmder\vendor\git-for-windows\usr\local\bin;C:\Users\leandrokk\Downloads\cmder\cmder\vendor\git-for-windows\usr\bin;C:\Users\leandrokk\Downloads\cmder\cmder\vendor\git-for-windows\usr\bin;C:\Users\leandrokk\Downloads\cmder\cmder\vendor\git-for-windows\mingw64\bin;C:\Users\leandrokk\Downloads\cmder\cmder\vendor\git-for-windows\usr\bin;C:\Users\leandrokk\bin;C:\Users\leandrokk\Downloads\cmder\cmder\vendor\conemu-maximus5\ConEmu\Scripts;C:\Users\leandrokk\Downloads\cmder\cmder\vendor\conemu-maximus5;C:\Users\leandrokk\Downloads\cmder\cmder\vendor\conemu-maximus5\ConEmu;C:\Program Files (x86)\Common Files\Oracle\Java\javapath;C:\Windows\system32;C:\Windows;C:\Windows\System32\Wbem;C:\Windows\System32\WindowsPowerShell\v1.0;C:\Program Files\Git\cmd;C:\Program Files\dotnet;C:\Program Files\nodejs;C:\Program Files\Microsoft SQL Server\130\Tools\Binn;C:\Program Files\Microsoft VS Code\bin;C:\Program Files (x86)\Yarn\bin;C:\Program Files (x86)\Microsoft SQL Server\Client SDK\ODBC\130\Tools\Binn;C:\Program Files (x86)\Microsoft SQL Server\140\Tools\Binn;C:\Program Files (x86)\Microsoft SQL Server\140\DTS\Binn;C:\Program Files (x86)\Microsoft SQL Server\140\Tools\Binn\ManagementStudio;C:\Users\leandrokk\AppData\Local\Microsoft\WindowsApps;C:\Users\leandrokk\AppData\Local\Android\Sdk\platform-tools;C:\Users\leandrokk\AppData\Roaming\npm;C:\Users\leandrokk\Downloads\cmder\cmder;C:\Users\leandrokk\Downloads\cmder\cmder\vendor\git-for-windows\usr\bin\vendor_perl;C:\Users\leandrokk\Downloads\cmder\cmder\vendor\git-for-windows\usr\bin\core_perl

Yarn version: 
  1.9.4

Node version: 
  10.8.0

Platform: 
  win32 x64

Trace: 
  Error: https://raw.githubusercontent.com/expo/react-native-maps/e6f98ff7272e5d0a7fe974a41f28593af2d77bb2/package.json: SSL Error: SELF_SIGNED_CERT_IN_CHAIN
      at Request.module.exports.Request.onRequestResponse (C:\Program Files (x86)\Yarn\lib\cli.js:138231:24)
      at ClientRequest.emit (events.js:187:15)
      at HTTPParser.parserOnIncomingClient (_http_client.js:546:21)
      at HTTPParser.parserOnHeadersComplete (_http_common.js:109:17)
      at TLSSocket.socketOnData (_http_client.js:432:20)
      at TLSSocket.emit (events.js:182:13)
      at addChunk (_stream_readable.js:283:12)
      at readableAddChunk (_stream_readable.js:264:11)
      at TLSSocket.Readable.push (_stream_readable.js:219:10)
      at TLSWrap.onread (net.js:639:20)

npm manifest: 
  {
    "main": "node_modules/expo/AppEntry.js",
    "scripts": {
      "start": "expo start",
      "android": "expo start --android",
      "ios": "expo start --ios",
      "eject": "expo eject",
      "test": "node ./node_modules/jest/bin/jest.js --watchAll"
    },
    "jest": {
      "preset": "jest-expo"
    },
    "dependencies": {
      "@expo/samples": "2.1.1",
      "expo": "^32.0.0",
      "react": "16.5.0",
      "react-native": "https://github.com/expo/react-native/archive/sdk-32.0.0.tar.gz",
      "react-navigation": "^3.0.9"
    },
    "devDependencies": {
      "babel-preset-expo": "^5.0.0",
      "jest-expo": "^32.0.0"
    },
    "private": true
  }

yarn manifest: 
  No manifest

Lockfile: 
  No lockfile
